# JRE version: OpenJDK Runtime Environment (8.0_242-b01) (build 1.8.0_242-release-1644-b01)
# Java VM: OpenJDK 64-Bit Server VM (25.242-b01 mixed mode windows-amd64 compressed oops)
Heap:
 PSYoungGen      total 181760K, used 149984K [0x00000000e0000000, 0x00000000efe00000, 0x0000000100000000)
  eden space 167424K, 81% used [0x00000000e0000000,0x00000000e848d5b0,0x00000000ea380000)
  from space 14336K, 99% used [0x00000000ea380000,0x00000000eb16aa88,0x00000000eb180000)
  to   space 45568K, 0% used [0x00000000ed180000,0x00000000ed180000,0x00000000efe00000)
 ParOldGen       total 131584K, used 84986K [0x00000000a0000000, 0x00000000a8080000, 0x00000000e0000000)
  object space 131584K, 64% used [0x00000000a0000000,0x00000000a52feb18,0x00000000a8080000)
 Metaspace       used 89890K, capacity 93326K, committed 93656K, reserved 1130496K
  class space    used 11722K, capacity 12442K, committed 12544K, reserved 1048576K
GC Heap History (10 events):
Event: 185.828 GC heap before
{Heap before GC invocations=26 (full 5):
 PSYoungGen      total 199168K, used 165376K [0x00000000e0000000, 0x00000000f1300000, 0x0000000100000000)
  eden space 165376K, 100% used [0x00000000e0000000,0x00000000ea180000,0x00000000ea180000)
  from space 33792K, 0% used [0x00000000ea180000,0x00000000ea180000,0x00000000ec280000)
  to   space 50176K, 0% used [0x00000000ee200000,0x00000000ee200000,0x00000000f1300000)
 ParOldGen       total 131584K, used 122084K [0x00000000a0000000, 0x00000000a8080000, 0x00000000e0000000)
  object space 131584K, 92% used [0x00000000a0000000,0x00000000a77390b0,0x00000000a8080000)
 Metaspace       used 81625K, capacity 84554K, committed 84824K, reserved 1122304K
  class space    used 10880K, capacity 11498K, committed 11648K, reserved 1048576K
Event: 187.492 GC heap after
Heap after GC invocations=26 (full 5):
 PSYoungGen      total 199168K, used 29118K [0x00000000e0000000, 0x00000000f1300000, 0x0000000100000000)
  eden space 165376K, 17% used [0x00000000e0000000,0x00000000e1c6f920,0x00000000ea180000)
  from space 33792K, 0% used [0x00000000ea180000,0x00000000ea180000,0x00000000ec280000)
  to   space 50176K, 0% used [0x00000000ee200000,0x00000000ee200000,0x00000000f1300000)
 ParOldGen       total 131584K, used 131316K [0x00000000a0000000, 0x00000000a8080000, 0x00000000e0000000)
  object space 131584K, 99% used [0x00000000a0000000,0x00000000a803d228,0x00000000a8080000)
 Metaspace       used 81625K, capacity 84554K, committed 84824K, reserved 1122304K
  class space    used 10880K, capacity 11498K, committed 11648K, reserved 1048576K
}
Event: 188.461 GC heap before
{Heap before GC invocations=27 (full 6):
 PSYoungGen      total 199168K, used 165376K [0x00000000e0000000, 0x00000000f1300000, 0x0000000100000000)
  eden space 165376K, 100% used [0x00000000e0000000,0x00000000ea180000,0x00000000ea180000)
  from space 33792K, 0% used [0x00000000ea180000,0x00000000ea180000,0x00000000ec280000)
  to   space 50176K, 0% used [0x00000000ee200000,0x00000000ee200000,0x00000000f1300000)
 ParOldGen       total 131584K, used 131316K [0x00000000a0000000, 0x00000000a8080000, 0x00000000e0000000)
  object space 131584K, 99% used [0x00000000a0000000,0x00000000a803d228,0x00000000a8080000)
 Metaspace       used 81733K, capacity 84628K, committed 85080K, reserved 1122304K
  class space    used 10880K, capacity 11499K, committed 11648K, reserved 1048576K
Event: 189.068 GC heap after
Heap after GC invocations=27 (full 6):
 PSYoungGen      total 199168K, used 45613K [0x00000000e0000000, 0x00000000f1300000, 0x0000000100000000)
  eden space 165376K, 27% used [0x00000000e0000000,0x00000000e2c8b4b8,0x00000000ea180000)
  from space 33792K, 0% used [0x00000000ea180000,0x00000000ea180000,0x00000000ec280000)
  to   space 50176K, 0% used [0x00000000ee200000,0x00000000ee200000,0x00000000f1300000)
 ParOldGen       total 131584K, used 131316K [0x00000000a0000000, 0x00000000a8080000, 0x00000000e0000000)
  object space 131584K, 99% used [0x00000000a0000000,0x00000000a803d000,0x00000000a8080000)
 Metaspace       used 81733K, capacity 84628K, committed 85080K, reserved 1122304K
  class space    used 10880K, capacity 11499K, committed 11648K, reserved 1048576K
}
Event: 191.660 GC heap before
{Heap before GC invocations=28 (full 7):
 PSYoungGen      total 199168K, used 163746K [0x00000000e0000000, 0x00000000f1300000, 0x0000000100000000)
  eden space 165376K, 99% used [0x00000000e0000000,0x00000000e9fe8af8,0x00000000ea180000)
  from space 33792K, 0% used [0x00000000ea180000,0x00000000ea180000,0x00000000ec280000)
  to   space 50176K, 0% used [0x00000000ee200000,0x00000000ee200000,0x00000000f1300000)
 ParOldGen       total 131584K, used 131316K [0x00000000a0000000, 0x00000000a8080000, 0x00000000e0000000)
  object space 131584K, 99% used [0x00000000a0000000,0x00000000a803d000,0x00000000a8080000)
 Metaspace       used 83170K, capacity 86326K, committed 86488K, reserved 1124352K
  class space    used 11074K, capacity 11770K, committed 11776K, reserved 1048576K
Event: 191.932 GC heap after
Heap after GC invocations=28 (full 7):
 PSYoungGen      total 199168K, used 0K [0x00000000e0000000, 0x00000000f1300000, 0x0000000100000000)
  eden space 165376K, 0% used [0x00000000e0000000,0x00000000e0000000,0x00000000ea180000)
  from space 33792K, 0% used [0x00000000ea180000,0x00000000ea180000,0x00000000ec280000)
  to   space 50176K, 0% used [0x00000000ee200000,0x00000000ee200000,0x00000000f1300000)
 ParOldGen       total 131584K, used 84970K [0x00000000a0000000, 0x00000000a8080000, 0x00000000e0000000)
  object space 131584K, 64% used [0x00000000a0000000,0x00000000a52fab18,0x00000000a8080000)
 Metaspace       used 83170K, capacity 86326K, committed 86488K, reserved 1124352K
  class space    used 11074K, capacity 11770K, committed 11776K, reserved 1048576K
}
Event: 476.487 GC heap before
{Heap before GC invocations=29 (full 7):
 PSYoungGen      total 199168K, used 165376K [0x00000000e0000000, 0x00000000f1300000, 0x0000000100000000)
  eden space 165376K, 100% used [0x00000000e0000000,0x00000000ea180000,0x00000000ea180000)
  from space 33792K, 0% used [0x00000000ea180000,0x00000000ea180000,0x00000000ec280000)
  to   space 50176K, 0% used [0x00000000ee200000,0x00000000ee200000,0x00000000f1300000)
 ParOldGen       total 131584K, used 84970K [0x00000000a0000000, 0x00000000a8080000, 0x00000000e0000000)
  object space 131584K, 64% used [0x00000000a0000000,0x00000000a52fab18,0x00000000a8080000)
 Metaspace       used 89007K, capacity 92354K, committed 92504K, reserved 1130496K
  class space    used 11690K, capacity 12390K, committed 12416K, reserved 1048576K
Event: 476.539 GC heap after
Heap after GC invocations=29 (full 7):
 PSYoungGen      total 198656K, used 17481K [0x00000000e0000000, 0x00000000f0080000, 0x0000000100000000)
  eden space 167424K, 0% used [0x00000000e0000000,0x00000000e0000000,0x00000000ea380000)
  from space 31232K, 55% used [0x00000000ee200000,0x00000000ef3127a8,0x00000000f0080000)
  to   space 47616K, 0% used [0x00000000ea380000,0x00000000ea380000,0x00000000ed200000)
 ParOldGen       total 131584K, used 84978K [0x00000000a0000000, 0x00000000a8080000, 0x00000000e0000000)
  object space 131584K, 64% used [0x00000000a0000000,0x00000000a52fcb18,0x00000000a8080000)
 Metaspace       used 89007K, capacity 92354K, committed 92504K, reserved 1130496K
  class space    used 11690K, capacity 12390K, committed 12416K, reserved 1048576K
}
Event: 509.291 GC heap before
{Heap before GC invocations=30 (full 7):
 PSYoungGen      total 198656K, used 184905K [0x00000000e0000000, 0x00000000f0080000, 0x0000000100000000)
  eden space 167424K, 100% used [0x00000000e0000000,0x00000000ea380000,0x00000000ea380000)
  from space 31232K, 55% used [0x00000000ee200000,0x00000000ef3127a8,0x00000000f0080000)
  to   space 47616K, 0% used [0x00000000ea380000,0x00000000ea380000,0x00000000ed200000)
 ParOldGen       total 131584K, used 84978K [0x00000000a0000000, 0x00000000a8080000, 0x00000000e0000000)
  object space 131584K, 64% used [0x00000000a0000000,0x00000000a52fcb18,0x00000000a8080000)
 Metaspace       used 89473K, capacity 92802K, committed 93016K, reserved 1130496K
  class space    used 11703K, capacity 12408K, committed 12416K, reserved 1048576K
Event: 509.314 GC heap after
Heap after GC invocations=30 (full 7):
 PSYoungGen      total 181760K, used 14250K [0x00000000e0000000, 0x00000000efe00000, 0x0000000100000000)
  eden space 167424K, 0% used [0x00000000e0000000,0x00000000e0000000,0x00000000ea380000)
  from space 14336K, 99% used [0x00000000ea380000,0x00000000eb16aa88,0x00000000eb180000)
  to   space 45568K, 0% used [0x00000000ed180000,0x00000000ed180000,0x00000000efe00000)
 ParOldGen       total 131584K, used 84986K [0x00000000a0000000, 0x00000000a8080000, 0x00000000e0000000)
  object space 131584K, 64% used [0x00000000a0000000,0x00000000a52feb18,0x00000000a8080000)
 Metaspace       used 89473K, capacity 92802K, committed 93016K, reserved 1130496K
  class space    used 11703K, capacity 12408K, committed 12416K, reserved 1048576K
}

